[2025-12-16 13:48:17.023] [jointLog] [info] setting maxHashResizeThreads to 4
[2025-12-16 13:48:17.023] [jointLog] [info] Fragment incompatibility prior below threshold.  Incompatible fragments will be ignored.
[2025-12-16 13:48:17.023] [jointLog] [info] Usage of --validateMappings implies use of minScoreFraction. Since not explicitly specified, it is being set to 0.65
[2025-12-16 13:48:17.023] [jointLog] [info] Setting consensusSlack to selective-alignment default of 0.35.
[2025-12-16 13:48:17.023] [jointLog] [info] parsing read library format
[2025-12-16 13:48:17.023] [jointLog] [info] There is 1 library.
[2025-12-16 13:48:17.024] [jointLog] [info] Loading pufferfish index
[2025-12-16 13:48:17.024] [jointLog] [info] Loading dense pufferfish index.
[2025-12-16 13:48:17.039] [jointLog] [info] done
[2025-12-16 13:48:17.124] [jointLog] [info] Index contained 679 targets
[2025-12-16 13:48:17.125] [jointLog] [info] Number of decoys : 0
[2025-12-16 13:48:17.183] [jointLog] [info] Computed 485 rich equivalence classes for further processing
[2025-12-16 13:48:17.183] [jointLog] [info] Counted 1328 total reads in the equivalence classes 
[2025-12-16 13:48:17.184] [jointLog] [info] Number of mappings discarded because of alignment score : 4
[2025-12-16 13:48:17.184] [jointLog] [info] Number of fragments entirely discarded because of alignment score : 0
[2025-12-16 13:48:17.184] [jointLog] [info] Number of fragments discarded because they are best-mapped to decoys : 0
[2025-12-16 13:48:17.184] [jointLog] [info] Number of fragments discarded because they have only dovetail (discordant) mappings to valid targets : 214
[2025-12-16 13:48:17.183] [fileLog] [info] 
At end of round 0
==================
Observed 1328 total fragments (1328 in most recent round)

[2025-12-16 13:48:17.184] [jointLog] [warning] Only 1328 fragments were mapped, but the number of burn-in fragments was set to 5000000.
The effective lengths have been computed using the observed mappings.

[2025-12-16 13:48:17.184] [jointLog] [info] Mapping rate = 100%

[2025-12-16 13:48:17.185] [jointLog] [info] finished quantifyLibrary()
[2025-12-16 13:48:17.185] [jointLog] [info] Starting optimizer
[2025-12-16 13:48:17.186] [jointLog] [info] Marked 0 weighted equivalence classes as degenerate
[2025-12-16 13:48:17.186] [jointLog] [info] iteration = 0 | max rel diff. = 21.0091
[2025-12-16 13:48:17.195] [jointLog] [info] iteration = 100 | max rel diff. = 0.0278281
[2025-12-16 13:48:17.198] [jointLog] [info] iteration = 129 | max rel diff. = 0.00683445
[2025-12-16 13:48:17.198] [jointLog] [info] Finished optimizer
[2025-12-16 13:48:17.198] [jointLog] [info] writing output 

[2025-12-16 13:48:17.199] [jointLog] [warning] NOTE: Read Lib [[ Fastqs/SelmaBouvier_R1.fastq.gz, Fastqs/SelmaBouvier_R2.fastq.gz]] :

Detected a *potential* strand bias > 1% in an unstranded protocol check the file: Salmon/SelmaBouvier/lib_format_counts.json for details

